#
# There is insufficient memory for the Java Runtime Environment to continue.
# Native memory allocation (malloc) failed to allocate 32744 bytes for ChunkPool::allocate
# Possible reasons:
#   The system is out of physical RAM or swap space
#   The process is running with CompressedOops enabled, and the Java Heap may be blocking the growth of the native heap
# Possible solutions:
#   Reduce memory load on the system
#   Increase physical memory or swap space
#   Check if swap backing store is full
#   Decrease Java heap size (-Xmx/-Xms)
#   Decrease number of Java threads
#   Decrease Java thread stack sizes (-Xss)
#   Set larger code cache with -XX:ReservedCodeCacheSize=
#   JVM is running with Unscaled Compressed Oops mode in which the Java heap is
#     placed in the first 4GB address space. The Java Heap base address is the
#     maximum limit for the native heap growth. Please use -XX:HeapBaseMinAddress
#     to set the Java Heap base and to place the Java Heap above 4GB virtual address.
# This output file may be truncated or incomplete.
#
#  Out of Memory Error (allocation.cpp:272), pid=4860, tid=0x000000000000113c
#
# JRE version: OpenJDK Runtime Environment (8.0_202-b03) (build 1.8.0_202-release-1483-b03)
# Java VM: OpenJDK 64-Bit Server VM (25.202-b03 mixed mode windows-amd64 compressed oops)
# Failed to write core dump. Minidumps are not enabled by default on client versions of Windows
#

---------------  T H R E A D  ---------------

Current thread (0x0000000016975000):  JavaThread "C2 CompilerThread1" daemon [_thread_in_native, id=4412, stack(0x00000000180d0000,0x00000000181d0000)]

Stack: [0x00000000180d0000,0x00000000181d0000]
[error occurred during error reporting (printing stack bounds), id 0xc0000005]

Native frames: (J=compiled Java code, j=interpreted, Vv=VM code, C=native code)


Current CompileTask:
C2: 103554 13332       4       com.android.tools.r8.t.a.a.f::a (4166 bytes)


---------------  P R O C E S S  ---------------

Java Threads: ( => current thread )
  0x000000001e07c000 JavaThread "WorkerExecutor Queue Thread 3" [_thread_blocked, id=1748, stack(0x0000000024300000,0x0000000024400000)]
  0x000000001e075800 JavaThread "WorkerExecutor Queue Thread 2" [_thread_blocked, id=11508, stack(0x0000000024200000,0x0000000024300000)]
  0x000000001e07a800 JavaThread "WorkerExecutor Queue" [_thread_blocked, id=11300, stack(0x00000000244e0000,0x00000000245e0000)]
  0x000000001e077800 JavaThread "Cache worker for execution history cache (C:\Users\kiril\Documents\GitHub\IPD3\.gradle\5.4.1\executionHistory)" [_thread_blocked, id=11628, stack(0x0000000023f00000,0x0000000024000000)]
  0x000000001e078800 JavaThread "Execution worker for ':' Thread 3" [_thread_blocked, id=3012, stack(0x0000000023e00000,0x0000000023f00000)]
  0x000000001e07a000 JavaThread "Execution worker for ':' Thread 2" [_thread_blocked, id=5808, stack(0x0000000023d00000,0x0000000023e00000)]
  0x000000001e077000 JavaThread "Execution worker for ':'" [_thread_in_Java, id=5104, stack(0x0000000023c00000,0x0000000023d00000)]
  0x000000001e074000 JavaThread "Cache worker for file content cache (C:\Users\kiril\Documents\GitHub\IPD3\.gradle\5.4.1\fileContent)" [_thread_blocked, id=3040, stack(0x0000000023900000,0x0000000023a00000)]
  0x000000001e079000 JavaThread "Cache worker for file content cache (C:\Users\kiril\.gradle\caches\5.4.1\fileContent)" [_thread_blocked, id=9612, stack(0x00000000227a0000,0x00000000228a0000)]
  0x00000000185a7000 JavaThread "Memory manager" [_thread_blocked, id=9992, stack(0x00000000224a0000,0x00000000225a0000)]
  0x00000000185a9000 JavaThread "Cache worker for Build Output Cleanup Cache (C:\Users\kiril\Documents\GitHub\IPD3\.gradle\buildOutputCleanup)" [_thread_blocked, id=6424, stack(0x00000000217a0000,0x00000000218a0000)]
  0x00000000185aa000 JavaThread "Build operations Thread 4" [_thread_blocked, id=10664, stack(0x00000000210a0000,0x00000000211a0000)]
  0x00000000185ad800 JavaThread "Build operations Thread 3" [_thread_blocked, id=2796, stack(0x0000000020d00000,0x0000000020e00000)]
  0x00000000185ab800 JavaThread "Build operations Thread 2" [_thread_blocked, id=11284, stack(0x0000000020c00000,0x0000000020d00000)]
  0x00000000185a8800 JavaThread "Build operations" [_thread_blocked, id=8856, stack(0x0000000020b00000,0x0000000020c00000)]
  0x00000000185a7800 JavaThread "Cache worker for execution history cache (C:\Users\kiril\.gradle\caches\5.4.1\executionHistory)" [_thread_blocked, id=6748, stack(0x0000000020a00000,0x0000000020b00000)]
  0x00000000185ac000 JavaThread "Cache worker for cache directory md-rule (C:\Users\kiril\.gradle\caches\5.4.1\md-rule)" [_thread_blocked, id=5232, stack(0x000000001ee60000,0x000000001ef60000)]
  0x00000000185aa800 JavaThread "Cache worker for cache directory md-supplier (C:\Users\kiril\.gradle\caches\5.4.1\md-supplier)" [_thread_blocked, id=8280, stack(0x000000001eba0000,0x000000001eca0000)]
  0x00000000193d9800 JavaThread "Cache worker for file hash cache (C:\Users\kiril\Documents\GitHub\IPD3\.gradle\5.4.1\fileHashes)" [_thread_blocked, id=3148, stack(0x000000001ed60000,0x000000001ee60000)]
  0x00000000193da800 JavaThread "Cache worker for journal cache (C:\Users\kiril\.gradle\caches\journal-1)" [_thread_blocked, id=1484, stack(0x000000001b530000,0x000000001b630000)]
  0x00000000193d6800 JavaThread "File lock request listener" [_thread_in_native, id=1900, stack(0x000000001b430000,0x000000001b530000)]
  0x00000000193d8800 JavaThread "Cache worker for file hash cache (C:\Users\kiril\.gradle\caches\5.4.1\fileHashes)" [_thread_blocked, id=9972, stack(0x000000001b330000,0x000000001b430000)]
  0x000000001852a800 JavaThread "Thread-9" [_thread_blocked, id=11092, stack(0x000000001b230000,0x000000001b330000)]
  0x0000000018524800 JavaThread "Asynchronous log dispatcher for DefaultDaemonConnection: socket connection from /127.0.0.1:60814 to /127.0.0.1:60815" [_thread_blocked, id=11480, stack(0x000000001b030000,0x000000001b130000)]
  0x0000000018523800 JavaThread "Daemon worker" [_thread_blocked, id=8408, stack(0x000000001af30000,0x000000001b030000)]
  0x0000000018523000 JavaThread "Cancel handler" [_thread_blocked, id=9148, stack(0x000000001ae30000,0x000000001af30000)]
  0x0000000018397000 JavaThread "Handler for socket connection from /127.0.0.1:60814 to /127.0.0.1:60815" [_thread_in_native, id=11280, stack(0x000000001ab30000,0x000000001ac30000)]
  0x0000000018c39800 JavaThread "Daemon" [_thread_blocked, id=912, stack(0x000000001aa30000,0x000000001ab30000)]
  0x00000000188e7800 JavaThread "Daemon periodic checks" [_thread_blocked, id=8664, stack(0x000000001a930000,0x000000001aa30000)]
  0x0000000018a7b800 JavaThread "Incoming local TCP Connector on port 60814" [_thread_in_native, id=12236, stack(0x000000001a6e0000,0x000000001a7e0000)]
  0x000000001994d800 JavaThread "Daemon health stats" [_thread_blocked, id=3500, stack(0x000000001a0a0000,0x000000001a1a0000)]
  0x00000000169be800 JavaThread "Service Thread" daemon [_thread_blocked, id=4188, stack(0x00000000186d0000,0x00000000187d0000)]
  0x000000001697c000 JavaThread "C1 CompilerThread2" daemon [_thread_blocked, id=8860, stack(0x00000000181d0000,0x00000000182d0000)]
=>0x0000000016975000 JavaThread "C2 CompilerThread1" daemon [_thread_in_native, id=4412, stack(0x00000000180d0000,0x00000000181d0000)]
  0x0000000016962000 JavaThread "C2 CompilerThread0" daemon [_thread_in_native, id=8416, stack(0x0000000017fd0000,0x00000000180d0000)]
  0x0000000016960800 JavaThread "Attach Listener" daemon [_thread_blocked, id=12036, stack(0x0000000017ed0000,0x0000000017fd0000)]
  0x0000000016966800 JavaThread "Signal Dispatcher" daemon [_thread_blocked, id=2896, stack(0x0000000017dd0000,0x0000000017ed0000)]
  0x0000000002fea800 JavaThread "Finalizer" daemon [_thread_blocked, id=11964, stack(0x0000000017bc0000,0x0000000017cc0000)]
  0x0000000016949000 JavaThread "Reference Handler" daemon [_thread_blocked, id=10724, stack(0x0000000017ac0000,0x0000000017bc0000)]
  0x0000000002ece000 JavaThread "main" [_thread_blocked, id=9896, stack(0x0000000002d00000,0x0000000002e00000)]

Other Threads:
  0x0000000016927000 VMThread [stack: 0x00000000179c0000,0x0000000017ac0000] [id=10920]
  0x0000000018301800 WatcherThread [stack: 0x00000000187d0000,0x00000000188d0000] [id=8764]

VM state:not at safepoint (normal execution)

VM Mutex/Monitor currently owned by a thread: None

heap address: 0x00000000a0000000, size: 1536 MB, Compressed Oops mode: 32-bit
Narrow klass base: 0x0000000000000000, Narrow klass shift: 3
Compressed class space size: 1073741824 Address: 0x0000000100000000

Heap:
 PSYoungGen      total 333824K, used 264672K [0x00000000e0000000, 0x00000000f5b00000, 0x0000000100000000)
  eden space 316416K, 82% used [0x00000000e0000000,0x00000000efe91070,0x00000000f3500000)
  from space 17408K, 22% used [0x00000000f3500000,0x00000000f38e7250,0x00000000f4600000)
  to   space 17408K, 0% used [0x00000000f4600000,0x00000000f4600000,0x00000000f5700000)
 ParOldGen       total 136704K, used 44568K [0x00000000a0000000, 0x00000000a8580000, 0x00000000e0000000)
  object space 136704K, 32% used [0x00000000a0000000,0x00000000a2b86158,0x00000000a8580000)
 Metaspace       used 72907K, capacity 75824K, committed 75864K, reserved 1114112K
  class space    used 9716K, capacity 10335K, committed 10368K, reserved 1048576K

Card table byte_map: [0x00000000123b0000,0x00000000126c0000] byte_map_base: 0x0000000011eb0000

Marking Bits: (ParMarkBitMap*) 0x000000005d479f30
 Begin Bits: [0x0000000012cc0000, 0x00000000144c0000)
 End Bits:   [0x00000000144c0000, 0x0000000015cc0000)

Polling page: 0x00000000010e0000

CodeCache: size=245760Kb used=40232Kb max_used=41048Kb free=205527Kb
 bounds [0x0000000002ff0000, 0x0000000005850000, 0x0000000011ff0000]
 total_blobs=11882 nmethods=11067 adapters=725
 compilation: enabled

Compilation events (10 events):
Event: 103.363 Thread 0x0000000016962000 nmethod 13340 0x000000000489e250 code [0x000000000489e3c0, 0x000000000489e968]
Event: 103.364 Thread 0x0000000016962000 13351 %     4       com.android.tools.r8.ir.conversion.IRBuilder::a @ 102 (2002 bytes)
Event: 103.370 Thread 0x000000001697c000 13359       2       com.android.tools.r8.t.a.a.h::a (18 bytes)
Event: 103.371 Thread 0x000000001697c000 nmethod 13359 0x000000000489ded0 code [0x000000000489e040, 0x000000000489e1c8]
Event: 103.403 Thread 0x000000001697c000 13361       3       com.android.tools.r8.ir.regalloc.LinearScanRegisterAllocator::allocateRegisters (1295 bytes)
Event: 103.423 Thread 0x000000001697c000 nmethod 13361 0x00000000049c50d0 code [0x00000000049c5f40, 0x00000000049d10a8]
Event: 103.425 Thread 0x000000001697c000 13362       2       com.android.tools.r8.graph.MethodAccessFlags::isBridge (7 bytes)
Event: 103.425 Thread 0x000000001697c000 nmethod 13362 0x000000000489db90 code [0x000000000489dce0, 0x000000000489de50]
Event: 103.431 Thread 0x000000001697c000 13363       2       com.android.tools.r8.graph.DexItemFactory::a (76 bytes)
Event: 103.433 Thread 0x000000001697c000 nmethod 13363 0x0000000003958c50 code [0x0000000003958e20, 0x0000000003959268]

GC Heap History (10 events):
Event: 75.763 GC heap before
{Heap before GC invocations=26 (full 3):
 PSYoungGen      total 298496K, used 290121K [0x00000000e0000000, 0x00000000f3700000, 0x0000000100000000)
  eden space 282624K, 100% used [0x00000000e0000000,0x00000000f1400000,0x00000000f1400000)
  from space 15872K, 47% used [0x00000000f2780000,0x00000000f2ed24d0,0x00000000f3700000)
  to   space 17920K, 0% used [0x00000000f1400000,0x00000000f1400000,0x00000000f2580000)
 ParOldGen       total 136704K, used 44544K [0x00000000a0000000, 0x00000000a8580000, 0x00000000e0000000)
  object space 136704K, 32% used [0x00000000a0000000,0x00000000a2b80158,0x00000000a8580000)
 Metaspace       used 72685K, capacity 75560K, committed 75608K, reserved 1114112K
  class space    used 9705K, capacity 10327K, committed 10368K, reserved 1048576K
Event: 75.793 GC heap after
Heap after GC invocations=26 (full 3):
 PSYoungGen      total 300544K, used 5958K [0x00000000e0000000, 0x00000000f4a80000, 0x0000000100000000)
  eden space 282624K, 0% used [0x00000000e0000000,0x00000000e0000000,0x00000000f1400000)
  from space 17920K, 33% used [0x00000000f1400000,0x00000000f19d18a8,0x00000000f2580000)
  to   space 17408K, 0% used [0x00000000f3980000,0x00000000f3980000,0x00000000f4a80000)
 ParOldGen       total 136704K, used 44552K [0x00000000a0000000, 0x00000000a8580000, 0x00000000e0000000)
  object space 136704K, 32% used [0x00000000a0000000,0x00000000a2b82158,0x00000000a8580000)
 Metaspace       used 72685K, capacity 75560K, committed 75608K, reserved 1114112K
  class space    used 9705K, capacity 10327K, committed 10368K, reserved 1048576K
}
Event: 89.167 GC heap before
{Heap before GC invocations=27 (full 3):
 PSYoungGen      total 300544K, used 288582K [0x00000000e0000000, 0x00000000f4a80000, 0x0000000100000000)
  eden space 282624K, 100% used [0x00000000e0000000,0x00000000f1400000,0x00000000f1400000)
  from space 17920K, 33% used [0x00000000f1400000,0x00000000f19d18a8,0x00000000f2580000)
  to   space 17408K, 0% used [0x00000000f3980000,0x00000000f3980000,0x00000000f4a80000)
 ParOldGen       total 136704K, used 44552K [0x00000000a0000000, 0x00000000a8580000, 0x00000000e0000000)
  object space 136704K, 32% used [0x00000000a0000000,0x00000000a2b82158,0x00000000a8580000)
 Metaspace       used 72730K, capacity 75660K, committed 75864K, reserved 1114112K
  class space    used 9708K, capacity 10331K, committed 10368K, reserved 1048576K
Event: 89.187 GC heap after
Heap after GC invocations=27 (full 3):
 PSYoungGen      total 313856K, used 3401K [0x00000000e0000000, 0x00000000f4700000, 0x0000000100000000)
  eden space 300032K, 0% used [0x00000000e0000000,0x00000000e0000000,0x00000000f2500000)
  from space 13824K, 24% used [0x00000000f3980000,0x00000000f3cd2518,0x00000000f4700000)
  to   space 17408K, 0% used [0x00000000f2500000,0x00000000f2500000,0x00000000f3600000)
 ParOldGen       total 136704K, used 44560K [0x00000000a0000000, 0x00000000a8580000, 0x00000000e0000000)
  object space 136704K, 32% used [0x00000000a0000000,0x00000000a2b84158,0x00000000a8580000)
 Metaspace       used 72730K, capacity 75660K, committed 75864K, reserved 1114112K
  class space    used 9708K, capacity 10331K, committed 10368K, reserved 1048576K
}
Event: 91.985 GC heap before
{Heap before GC invocations=28 (full 3):
 PSYoungGen      total 313856K, used 303433K [0x00000000e0000000, 0x00000000f4700000, 0x0000000100000000)
  eden space 300032K, 100% used [0x00000000e0000000,0x00000000f2500000,0x00000000f2500000)
  from space 13824K, 24% used [0x00000000f3980000,0x00000000f3cd2518,0x00000000f4700000)
  to   space 17408K, 0% used [0x00000000f2500000,0x00000000f2500000,0x00000000f3600000)
 ParOldGen       total 136704K, used 44560K [0x00000000a0000000, 0x00000000a8580000, 0x00000000e0000000)
  object space 136704K, 32% used [0x00000000a0000000,0x00000000a2b84158,0x00000000a8580000)
 Metaspace       used 72794K, capacity 75744K, committed 75864K, reserved 1114112K
  class space    used 9710K, capacity 10333K, committed 10368K, reserved 1048576K
Event: 92.017 GC heap after
Heap after GC invocations=28 (full 3):
 PSYoungGen      total 317440K, used 4111K [0x00000000e0000000, 0x00000000f5700000, 0x0000000100000000)
  eden space 300032K, 0% used [0x00000000e0000000,0x00000000e0000000,0x00000000f2500000)
  from space 17408K, 23% used [0x00000000f2500000,0x00000000f2903f98,0x00000000f3600000)
  to   space 17408K, 0% used [0x00000000f4600000,0x00000000f4600000,0x00000000f5700000)
 ParOldGen       total 136704K, used 44560K [0x00000000a0000000, 0x00000000a8580000, 0x00000000e0000000)
  object space 136704K, 32% used [0x00000000a0000000,0x00000000a2b84158,0x00000000a8580000)
 Metaspace       used 72794K, capacity 75744K, committed 75864K, reserved 1114112K
  class space    used 9710K, capacity 10333K, committed 10368K, reserved 1048576K
}
Event: 94.852 GC heap before
{Heap before GC invocations=29 (full 3):
 PSYoungGen      total 317440K, used 304143K [0x00000000e0000000, 0x00000000f5700000, 0x0000000100000000)
  eden space 300032K, 100% used [0x00000000e0000000,0x00000000f2500000,0x00000000f2500000)
  from space 17408K, 23% used [0x00000000f2500000,0x00000000f2903f98,0x00000000f3600000)
  to   space 17408K, 0% used [0x00000000f4600000,0x00000000f4600000,0x00000000f5700000)
 ParOldGen       total 136704K, used 44560K [0x00000000a0000000, 0x00000000a8580000, 0x00000000e0000000)
  object space 136704K, 32% used [0x00000000a0000000,0x00000000a2b84158,0x00000000a8580000)
 Metaspace       used 72829K, capacity 75744K, committed 75864K, reserved 1114112K
  class space    used 9711K, capacity 10333K, committed 10368K, reserved 1048576K
Event: 94.901 GC heap after
Heap after GC invocations=29 (full 3):
 PSYoungGen      total 333824K, used 11153K [0x00000000e0000000, 0x00000000f5b00000, 0x0000000100000000)
  eden space 316416K, 0% used [0x00000000e0000000,0x00000000e0000000,0x00000000f3500000)
  from space 17408K, 64% used [0x00000000f4600000,0x00000000f50e4780,0x00000000f5700000)
  to   space 17408K, 0% used [0x00000000f3500000,0x00000000f3500000,0x00000000f4600000)
 ParOldGen       total 136704K, used 44560K [0x00000000a0000000, 0x00000000a8580000, 0x00000000e0000000)
  object space 136704K, 32% used [0x00000000a0000000,0x00000000a2b84158,0x00000000a8580000)
 Metaspace       used 72829K, capacity 75744K, committed 75864K, reserved 1114112K
  class space    used 9711K, capacity 10333K, committed 10368K, reserved 1048576K
}
Event: 98.564 GC heap before
{Heap before GC invocations=30 (full 3):
 PSYoungGen      total 333824K, used 327569K [0x00000000e0000000, 0x00000000f5b00000, 0x0000000100000000)
  eden space 316416K, 100% used [0x00000000e0000000,0x00000000f3500000,0x00000000f3500000)
  from space 17408K, 64% used [0x00000000f4600000,0x00000000f50e4780,0x00000000f5700000)
  to   space 17408K, 0% used [0x00000000f3500000,0x00000000f3500000,0x00000000f4600000)
 ParOldGen       total 136704K, used 44560K [0x00000000a0000000, 0x00000000a8580000, 0x00000000e0000000)
  object space 136704K, 32% used [0x00000000a0000000,0x00000000a2b84158,0x00000000a8580000)
 Metaspace       used 72852K, capacity 75810K, committed 75864K, reserved 1114112K
  class space    used 9712K, capacity 10334K, committed 10368K, reserved 1048576K
Event: 98.583 GC heap after
Heap after GC invocations=30 (full 3):
 PSYoungGen      total 333824K, used 3996K [0x00000000e0000000, 0x00000000f5b00000, 0x0000000100000000)
  eden space 316416K, 0% used [0x00000000e0000000,0x00000000e0000000,0x00000000f3500000)
  from space 17408K, 22% used [0x00000000f3500000,0x00000000f38e7250,0x00000000f4600000)
  to   space 17408K, 0% used [0x00000000f4600000,0x00000000f4600000,0x00000000f5700000)
 ParOldGen       total 136704K, used 44568K [0x00000000a0000000, 0x00000000a8580000, 0x00000000e0000000)
  object space 136704K, 32% used [0x00000000a0000000,0x00000000a2b86158,0x00000000a8580000)
 Metaspace       used 72852K, capacity 75810K, committed 75864K, reserved 1114112K
  class space    used 9712K, capacity 10334K, committed 10368K, reserved 1048576K
}

Deoptimization events (10 events):
Event: 102.577 Thread 0x000000001e077000 Uncommon trap: reason=unstable_if action=reinterpret pc=0x00000000046de978 method=com.android.tools.r8.utils.t.a(I)Z @ 45
Event: 103.089 Thread 0x000000001e077000 Uncommon trap: reason=unstable_if action=reinterpret pc=0x000000000552b1b0 method=com.android.tools.r8.ir.optimize.CodeRewriter.j(Lcom/android/tools/r8/ir/code/IRCode;)V @ 413
Event: 103.094 Thread 0x000000001e077000 Uncommon trap: reason=unstable_if action=reinterpret pc=0x00000000054d4d9c method=com.android.tools.r8.ir.conversion.X.c(I)Lcom/android/tools/r8/graph/DebugLocalInfo; @ 51
Event: 103.095 Thread 0x000000001e077000 Uncommon trap: reason=unstable_if action=reinterpret pc=0x00000000050aae0c method=com.android.tools.r8.ir.conversion.X.c(I)Lcom/android/tools/r8/graph/DebugLocalInfo; @ 51
Event: 103.169 Thread 0x000000001e077000 Uncommon trap: reason=unstable_if action=reinterpret pc=0x000000000572821c method=com.android.tools.r8.ir.conversion.I.a(Lcom/android/tools/r8/ir/code/IRCode;)V @ 4
Event: 103.277 Thread 0x000000001e077000 Uncommon trap: reason=bimorphic action=maybe_recompile pc=0x0000000004b3ac68 method=com.android.tools.r8.ir.analysis.g.e.a(Lcom/android/tools/r8/ir/code/Phi;)V @ 75
Event: 103.278 Thread 0x000000001e077000 Uncommon trap: reason=unstable_if action=reinterpret pc=0x0000000004badd40 method=com.android.tools.r8.ir.regalloc.LinearScanRegisterAllocator.a(Lcom/android/tools/r8/m/a/a/b/d0;Ljava/util/List;Lcom/android/tools/r8/ir/regalloc/RegisterAllocator;Ljava/uti
Event: 103.280 Thread 0x000000001e077000 Uncommon trap: reason=bimorphic action=maybe_recompile pc=0x0000000004b3ac68 method=com.android.tools.r8.ir.analysis.g.e.a(Lcom/android/tools/r8/ir/code/Phi;)V @ 75
Event: 103.379 Thread 0x000000001e077000 Uncommon trap: reason=unstable_if action=reinterpret pc=0x0000000004f6a038 method=com.android.tools.r8.graph.DexType.a(C)Z @ 15
Event: 103.387 Thread 0x000000001e077000 Uncommon trap: reason=unstable_if action=reinterpret pc=0x000000000532021c method=com.android.tools.r8.ir.regalloc.LinearScanRegisterAllocator.allocateRegisters()V @ 260

Classes redefined (0 events):
No events

Internal exceptions (10 events):
Event: 101.574 Thread 0x000000001e077000 Exception <a 'sun/nio/fs/WindowsException'> (0x00000000e9a93a40) thrown at [D:\src\AOSP-openjdk-cygwin\jdk8u\hotspot\src\share\vm\prims\jni.cpp, line 710]
Event: 101.602 Thread 0x000000001e077000 Exception <a 'sun/nio/fs/WindowsException'> (0x00000000e9b1d7c0) thrown at [D:\src\AOSP-openjdk-cygwin\jdk8u\hotspot\src\share\vm\prims\jni.cpp, line 710]
Event: 101.726 Thread 0x000000001e077000 Exception <a 'sun/nio/fs/WindowsException'> (0x00000000ea74c2a0) thrown at [D:\src\AOSP-openjdk-cygwin\jdk8u\hotspot\src\share\vm\prims\jni.cpp, line 710]
Event: 101.795 Thread 0x000000001e077000 Exception <a 'sun/nio/fs/WindowsException'> (0x00000000ea7a8618) thrown at [D:\src\AOSP-openjdk-cygwin\jdk8u\hotspot\src\share\vm\prims\jni.cpp, line 710]
Event: 101.816 Thread 0x000000001e077000 Exception <a 'sun/nio/fs/WindowsException'> (0x00000000eaa284a8) thrown at [D:\src\AOSP-openjdk-cygwin\jdk8u\hotspot\src\share\vm\prims\jni.cpp, line 710]
Event: 101.887 Thread 0x000000001e077000 Exception <a 'sun/nio/fs/WindowsException'> (0x00000000eaa824e8) thrown at [D:\src\AOSP-openjdk-cygwin\jdk8u\hotspot\src\share\vm\prims\jni.cpp, line 710]
Event: 101.960 Thread 0x000000001e077000 Exception <a 'sun/nio/fs/WindowsException'> (0x00000000eb0552e0) thrown at [D:\src\AOSP-openjdk-cygwin\jdk8u\hotspot\src\share\vm\prims\jni.cpp, line 710]
Event: 102.059 Thread 0x000000001e077000 Exception <a 'sun/nio/fs/WindowsException'> (0x00000000eb1800f8) thrown at [D:\src\AOSP-openjdk-cygwin\jdk8u\hotspot\src\share\vm\prims\jni.cpp, line 710]
Event: 102.087 Thread 0x000000001e077000 Exception <a 'sun/nio/fs/WindowsException'> (0x00000000eb355938) thrown at [D:\src\AOSP-openjdk-cygwin\jdk8u\hotspot\src\share\vm\prims\jni.cpp, line 710]
Event: 102.562 Thread 0x000000001e077000 Exception <a 'sun/nio/fs/WindowsException'> (0x00000000ec7d3e50) thrown at [D:\src\AOSP-openjdk-cygwin\jdk8u\hotspot\src\share\vm\prims\jni.cpp, line 710]

Events (10 events):
Event: 103.387 Thread 0x000000001e077000 Uncommon trap: trap_request=0xffffff65 fr.pc=0x000000000532021c
Event: 103.387 Thread 0x000000001e077000 DEOPT PACKING pc=0x000000000532021c sp=0x0000000023cf95a0
Event: 103.387 Thread 0x000000001e077000 DEOPT UNPACKING pc=0x000000000303557b sp=0x0000000023cf9670 mode 2
Event: 103.388 loading class com/android/tools/r8/n/a/a/a/h/E0
Event: 103.388 loading class com/android/tools/r8/n/a/a/a/h/E0 done
Event: 103.391 loading class com/android/tools/r8/n/a/a/a/h/e0
Event: 103.391 loading class com/android/tools/r8/n/a/a/a/h/e0 done
Event: 103.424 Thread 0x000000001697c000 flushing nmethod 0x0000000003958290
Event: 103.433 Thread 0x000000001697c000 flushing nmethod 0x0000000003c34890
Event: 103.434 Thread 0x000000001697c000 flushing nmethod 0x0000000003ce1c10


Dynamic libraries:
0x00007ff6bf240000 - 0x00007ff6bf271000 	C:\Program Files\Android\Android Studio\jre\bin\java.exe
0x00007ffdca840000 - 0x00007ffdcaa30000 	C:\Windows\SYSTEM32\ntdll.dll
0x00007ffdc8c40000 - 0x00007ffdc8cf2000 	C:\Windows\System32\KERNEL32.DLL
0x00007ffdc8590000 - 0x00007ffdc8833000 	C:\Windows\System32\KERNELBASE.dll
0x00007ffdc8e00000 - 0x00007ffdc8ea3000 	C:\Windows\System32\ADVAPI32.dll
0x00007ffdc9220000 - 0x00007ffdc92be000 	C:\Windows\System32\msvcrt.dll
0x00007ffdc92c0000 - 0x00007ffdc9357000 	C:\Windows\System32\sechost.dll
0x00007ffdc9a40000 - 0x00007ffdc9b60000 	C:\Windows\System32\RPCRT4.dll
0x00007ffdc8eb0000 - 0x00007ffdc9044000 	C:\Windows\System32\USER32.dll
0x00007ffdc7a50000 - 0x00007ffdc7a71000 	C:\Windows\System32\win32u.dll
0x00007ffdc8dd0000 - 0x00007ffdc8df6000 	C:\Windows\System32\GDI32.dll
0x00007ffdc83d0000 - 0x00007ffdc8564000 	C:\Windows\System32\gdi32full.dll
0x00007ffdc77d0000 - 0x00007ffdc786e000 	C:\Windows\System32\msvcp_win.dll
0x00007ffdc7ad0000 - 0x00007ffdc7bca000 	C:\Windows\System32\ucrtbase.dll
0x00007ffdbc3d0000 - 0x00007ffdbc655000 	C:\Windows\WinSxS\amd64_microsoft.windows.common-controls_6595b64144ccf1df_6.0.18362.476_none_e6c4b11b130f2595\COMCTL32.dll
0x00007ffdc9b60000 - 0x00007ffdc9e96000 	C:\Windows\System32\combase.dll
0x00007ffdc7bd0000 - 0x00007ffdc7c50000 	C:\Windows\System32\bcryptPrimitives.dll
0x00007ffdca700000 - 0x00007ffdca72e000 	C:\Windows\System32\IMM32.DLL
0x000000005cbd0000 - 0x000000005cca2000 	C:\Program Files\Android\Android Studio\jre\jre\bin\msvcr100.dll
0x000000005ccb0000 - 0x000000005d4f6000 	C:\Program Files\Android\Android Studio\jre\jre\bin\server\jvm.dll
0x00007ffdc9210000 - 0x00007ffdc9218000 	C:\Windows\System32\PSAPI.DLL
0x00007ffdbe170000 - 0x00007ffdbe17a000 	C:\Windows\SYSTEM32\VERSION.dll
0x00007ffdc4050000 - 0x00007ffdc4059000 	C:\Windows\SYSTEM32\WSOCK32.dll
0x00007ffdc3820000 - 0x00007ffdc3844000 	C:\Windows\SYSTEM32\WINMM.dll
0x00007ffdc9ea0000 - 0x00007ffdc9f0f000 	C:\Windows\System32\WS2_32.dll
0x00007ffdc37e0000 - 0x00007ffdc380d000 	C:\Windows\SYSTEM32\winmmbase.dll
0x00007ffdc7a80000 - 0x00007ffdc7aca000 	C:\Windows\System32\cfgmgr32.dll
0x00007ffdb7590000 - 0x00007ffdb759f000 	C:\Program Files\Android\Android Studio\jre\jre\bin\verify.dll
0x00007ffdb7130000 - 0x00007ffdb7159000 	C:\Program Files\Android\Android Studio\jre\jre\bin\java.dll
0x00007ffdb7320000 - 0x00007ffdb7336000 	C:\Program Files\Android\Android Studio\jre\jre\bin\zip.dll
0x00007ffdc9f80000 - 0x00007ffdca665000 	C:\Windows\System32\SHELL32.dll
0x00007ffdca730000 - 0x00007ffdca7d9000 	C:\Windows\System32\shcore.dll
0x00007ffdc7c50000 - 0x00007ffdc83ce000 	C:\Windows\System32\windows.storage.dll
0x00007ffdc7760000 - 0x00007ffdc777f000 	C:\Windows\System32\profapi.dll
0x00007ffdc7780000 - 0x00007ffdc77ca000 	C:\Windows\System32\powrprof.dll
0x00007ffdc7710000 - 0x00007ffdc7720000 	C:\Windows\System32\UMPDC.dll
0x00007ffdc8980000 - 0x00007ffdc89d2000 	C:\Windows\System32\shlwapi.dll
0x00007ffdc7740000 - 0x00007ffdc7751000 	C:\Windows\System32\kernel.appcore.dll
0x00007ffdc8570000 - 0x00007ffdc8587000 	C:\Windows\System32\cryptsp.dll
0x00007ffdb6b90000 - 0x00007ffdb6baa000 	C:\Program Files\Android\Android Studio\jre\jre\bin\net.dll
0x00007ffdc6f80000 - 0x00007ffdc6fe7000 	C:\Windows\system32\mswsock.dll
0x00007ffdb6480000 - 0x00007ffdb6491000 	C:\Program Files\Android\Android Studio\jre\jre\bin\nio.dll
0x00007ffdb5740000 - 0x00007ffdb5766000 	C:\Users\kiril\.gradle\native\29\windows-amd64\native-platform.dll
0x00007ffdb7580000 - 0x00007ffdb758d000 	C:\Program Files\Android\Android Studio\jre\jre\bin\management.dll
0x00007ffdc6af0000 - 0x00007ffdc6b23000 	C:\Windows\system32\rsaenh.dll
0x00007ffdc7a20000 - 0x00007ffdc7a46000 	C:\Windows\System32\bcrypt.dll
0x00007ffdc7600000 - 0x00007ffdc7625000 	C:\Windows\SYSTEM32\USERENV.dll
0x00007ffdc7150000 - 0x00007ffdc715c000 	C:\Windows\SYSTEM32\CRYPTBASE.dll
0x00007ffdc6c90000 - 0x00007ffdc6cca000 	C:\Windows\SYSTEM32\IPHLPAPI.DLL
0x00007ffdc8970000 - 0x00007ffdc8978000 	C:\Windows\System32\NSI.dll
0x00007ffdbdd20000 - 0x00007ffdbdd36000 	C:\Windows\SYSTEM32\dhcpcsvc6.DLL
0x00007ffdbe150000 - 0x00007ffdbe16c000 	C:\Windows\SYSTEM32\dhcpcsvc.DLL
0x00007ffdc6cd0000 - 0x00007ffdc6d9a000 	C:\Windows\SYSTEM32\DNSAPI.dll

VM Arguments:
jvm_args: -Xmx1536m -Dfile.encoding=windows-1251 -Duser.country=RU -Duser.language=ru -Duser.variant 
java_command: org.gradle.launcher.daemon.bootstrap.GradleDaemon 5.4.1
java_class_path (initial): C:\Users\kiril\.gradle\wrapper\dists\gradle-5.4.1-all\3221gyojl5jsh0helicew7rwx\gradle-5.4.1\lib\gradle-launcher-5.4.1.jar
Launcher Type: SUN_STANDARD

Environment Variables:
PATH=C:\Windows\system32;C:\Windows;C:\Windows\System32\Wbem;C:\Windows\System32\WindowsPowerShell\v1.0\;C:\Windows\System32\OpenSSH\;C:\Program Files (x86)\NoteBook FanControl\;C:\Program Files\Git LFS;C:\Users\kiril\AppData\Local\Microsoft\WindowsApps;C:\Users\kiril\AppData\Local\GitHubDesktop\bin
USERNAME=kiril
OS=Windows_NT
PROCESSOR_IDENTIFIER=Intel64 Family 6 Model 58 Stepping 9, GenuineIntel



---------------  S Y S T E M  ---------------

OS: Windows 10.0 , 64 bit Build 18362 (10.0.18362.329)

CPU:total 4 (initial active 4) (2 cores per cpu, 2 threads per core) family 6 model 58 stepping 9, cmov, cx8, fxsr, mmx, sse, sse2, sse3, ssse3, sse4.1, sse4.2, popcnt, avx, clmul, erms, ht, tsc, tscinvbit, tscinv

Memory: 4k page, physical 8248812k(1345776k free), swap 9068012k(5120k free)

vm_info: OpenJDK 64-Bit Server VM (25.202-b03) for windows-amd64 JRE (1.8.0_202-release-1483-b03), built by "builder" with MS VC++ 10.0 (VS2010)

time: Sat Nov 30 16:21:11 2019
timezone: RTZ 2 (зима)
elapsed time: 103 seconds (0d 0h 1m 43s)

