#
# There is insufficient memory for the Java Runtime Environment to continue.
# Native memory allocation (malloc) failed to allocate 1083056 bytes for Chunk::new
# Possible reasons:
#   The system is out of physical RAM or swap space
#   The process is running with CompressedOops enabled, and the Java Heap may be blocking the growth of the native heap
# Possible solutions:
#   Reduce memory load on the system
#   Increase physical memory or swap space
#   Check if swap backing store is full
#   Decrease Java heap size (-Xmx/-Xms)
#   Decrease number of Java threads
#   Decrease Java thread stack sizes (-Xss)
#   Set larger code cache with -XX:ReservedCodeCacheSize=
#   JVM is running with Unscaled Compressed Oops mode in which the Java heap is
#     placed in the first 4GB address space. The Java Heap base address is the
#     maximum limit for the native heap growth. Please use -XX:HeapBaseMinAddress
#     to set the Java Heap base and to place the Java Heap above 4GB virtual address.
# This output file may be truncated or incomplete.
#
#  Out of Memory Error (allocation.cpp:389), pid=6496, tid=0x0000000000000600
#
# JRE version: OpenJDK Runtime Environment (8.0_242-b01) (build 1.8.0_242-release-1644-b01)
# Java VM: OpenJDK 64-Bit Server VM (25.242-b01 mixed mode windows-amd64 compressed oops)
# Failed to write core dump. Minidumps are not enabled by default on client versions of Windows
#

---------------  T H R E A D  ---------------

Current thread (0x00000000163f7000):  JavaThread "C2 CompilerThread0" daemon [_thread_in_native, id=1536, stack(0x0000000017a60000,0x0000000017b60000)]

Stack: [0x0000000017a60000,0x0000000017b60000]
[error occurred during error reporting (printing stack bounds), id 0xc0000005]

Native frames: (J=compiled Java code, j=interpreted, Vv=VM code, C=native code)


Current CompileTask:
C2:  35256 6673   !   4       java.security.SecureClassLoader::getProtectionDomain (114 bytes)


---------------  P R O C E S S  ---------------

Java Threads: ( => current thread )
  0x000000001c4eb800 JavaThread "Cache worker for Build Output Cleanup Cache (C:\Users\kiril\Documents\GitHub\IPD3\.gradle\buildOutputCleanup)" [_thread_blocked, id=9080, stack(0x00000000230a0000,0x00000000231a0000)]
  0x000000001c4e8800 JavaThread "Build operations Thread 4" [_thread_blocked, id=4412, stack(0x00000000227a0000,0x00000000228a0000)]
  0x000000001c4e0000 JavaThread "Build operations Thread 3" [_thread_blocked, id=6220, stack(0x0000000021fa0000,0x00000000220a0000)]
  0x000000001c4e7000 JavaThread "Build operations Thread 2" [_thread_blocked, id=9968, stack(0x000000001fce0000,0x000000001fde0000)]
  0x000000001c4e1000 JavaThread "Build operations" [_thread_blocked, id=6576, stack(0x000000001fac0000,0x000000001fbc0000)]
  0x00000000187fa800 JavaThread "Cache worker for execution history cache (C:\Users\kiril\.gradle\caches\6.1.1\executionHistory)" [_thread_blocked, id=9544, stack(0x000000001f9c0000,0x000000001fac0000)]
  0x00000000187f9000 JavaThread "Cache worker for cache directory md-rule (C:\Users\kiril\.gradle\caches\6.1.1\md-rule)" [_thread_blocked, id=10148, stack(0x000000001e890000,0x000000001e990000)]
  0x00000000187f5000 JavaThread "Cache worker for cache directory md-supplier (C:\Users\kiril\.gradle\caches\6.1.1\md-supplier)" [_thread_blocked, id=6364, stack(0x000000001e790000,0x000000001e890000)]
  0x00000000187f8000 JavaThread "Cache worker for file hash cache (C:\Users\kiril\Documents\GitHub\IPD3\.gradle\6.1.1\fileHashes)" [_thread_blocked, id=9440, stack(0x000000001fe60000,0x000000001ff60000)]
  0x00000000187f7800 JavaThread "Cache worker for checksums cache (C:\Users\kiril\Documents\GitHub\IPD3\.gradle\checksums)" [_thread_blocked, id=8984, stack(0x000000001fbe0000,0x000000001fce0000)]
  0x00000000187f6800 JavaThread "Cache worker for file hash cache (C:\Users\kiril\.gradle\caches\6.1.1\fileHashes)" [_thread_blocked, id=244, stack(0x000000001c1f0000,0x000000001c2f0000)]
  0x00000000187f9800 JavaThread "File lock request listener" [_thread_in_native, id=7004, stack(0x000000001c0f0000,0x000000001c1f0000)]
  0x00000000187f6000 JavaThread "Cache worker for journal cache (C:\Users\kiril\.gradle\caches\journal-1)" [_thread_blocked, id=8544, stack(0x000000001bff0000,0x000000001c0f0000)]
  0x0000000017dee000 JavaThread "Thread-9" [_thread_blocked, id=1872, stack(0x000000001bcf0000,0x000000001bdf0000)]
  0x0000000017ded000 JavaThread "Stdin handler" [_thread_blocked, id=1544, stack(0x000000001bbf0000,0x000000001bcf0000)]
  0x00000000185ee000 JavaThread "Asynchronous log dispatcher for DefaultDaemonConnection: socket connection from /127.0.0.1:51766 to /127.0.0.1:51767" [_thread_blocked, id=8572, stack(0x000000001baf0000,0x000000001bbf0000)]
  0x0000000017cde000 JavaThread "Daemon worker" [_thread_in_Java, id=1876, stack(0x000000001b9f0000,0x000000001baf0000)]
  0x0000000017def800 JavaThread "Cancel handler" [_thread_blocked, id=5560, stack(0x000000001b8f0000,0x000000001b9f0000)]
  0x00000000195ec800 JavaThread "Handler for socket connection from /127.0.0.1:51766 to /127.0.0.1:51767" [_thread_in_native, id=8604, stack(0x000000001b5f0000,0x000000001b6f0000)]
  0x00000000195e6800 JavaThread "Daemon" [_thread_blocked, id=4656, stack(0x000000001b4f0000,0x000000001b5f0000)]
  0x0000000018ae8800 JavaThread "Daemon periodic checks" [_thread_blocked, id=6856, stack(0x000000001b3f0000,0x000000001b4f0000)]
  0x0000000018a72800 JavaThread "Incoming local TCP Connector on port 51766" [_thread_in_native, id=9964, stack(0x0000000018460000,0x0000000018560000)]
  0x000000001a129000 JavaThread "Daemon health stats" [_thread_blocked, id=8664, stack(0x0000000018360000,0x0000000018460000)]
  0x0000000017c67000 JavaThread "Service Thread" daemon [_thread_blocked, id=8288, stack(0x0000000018160000,0x0000000018260000)]
  0x0000000017c61000 JavaThread "C1 CompilerThread2" daemon [_thread_blocked, id=1548, stack(0x0000000018060000,0x0000000018160000)]
  0x00000000163fa000 JavaThread "C2 CompilerThread1" daemon [_thread_blocked, id=5768, stack(0x0000000017b60000,0x0000000017c60000)]
=>0x00000000163f7000 JavaThread "C2 CompilerThread0" daemon [_thread_in_native, id=1536, stack(0x0000000017a60000,0x0000000017b60000)]
  0x00000000163f4800 JavaThread "Attach Listener" daemon [_thread_blocked, id=7280, stack(0x0000000017960000,0x0000000017a60000)]
  0x00000000163f3800 JavaThread "Signal Dispatcher" daemon [_thread_blocked, id=1904, stack(0x0000000017860000,0x0000000017960000)]
  0x0000000002a7b000 JavaThread "Finalizer" daemon [_thread_blocked, id=10068, stack(0x0000000017650000,0x0000000017750000)]
  0x00000000163d9000 JavaThread "Reference Handler" daemon [_thread_blocked, id=5192, stack(0x0000000017550000,0x0000000017650000)]
  0x0000000000e8e800 JavaThread "main" [_thread_blocked, id=6480, stack(0x0000000002710000,0x0000000002810000)]

Other Threads:
  0x00000000163b6800 VMThread [stack: 0x0000000017450000,0x0000000017550000] [id=1108]
  0x0000000017c68000 WatcherThread [stack: 0x0000000018260000,0x0000000018360000] [id=5992]

VM state:not at safepoint (normal execution)

VM Mutex/Monitor currently owned by a thread: None

heap address: 0x00000000a0000000, size: 1536 MB, Compressed Oops mode: 32-bit
Narrow klass base: 0x0000000000000000, Narrow klass shift: 3
Compressed class space size: 1073741824 Address: 0x0000000100000000

Heap:
 PSYoungGen      total 184320K, used 21568K [0x00000000e0000000, 0x00000000ef000000, 0x0000000100000000)
  eden space 167936K, 12% used [0x00000000e0000000,0x00000000e15103f0,0x00000000ea400000)
  from space 16384K, 0% used [0x00000000ea400000,0x00000000ea400000,0x00000000eb400000)
  to   space 22016K, 0% used [0x00000000eda80000,0x00000000eda80000,0x00000000ef000000)
 ParOldGen       total 123904K, used 38592K [0x00000000a0000000, 0x00000000a7900000, 0x00000000e0000000)
  object space 123904K, 31% used [0x00000000a0000000,0x00000000a25b0050,0x00000000a7900000)
 Metaspace       used 58658K, capacity 60554K, committed 60952K, reserved 1101824K
  class space    used 7585K, capacity 8028K, committed 8112K, reserved 1048576K

Card table byte_map: [0x0000000011e40000,0x0000000012150000] byte_map_base: 0x0000000011940000

Marking Bits: (ParMarkBitMap*) 0x0000000072ccf030
 Begin Bits: [0x0000000012750000, 0x0000000013f50000)
 End Bits:   [0x0000000013f50000, 0x0000000015750000)

Polling page: 0x0000000000b20000

CodeCache: size=245760Kb used=21117Kb max_used=21117Kb free=224642Kb
 bounds [0x0000000002a80000, 0x0000000003f40000, 0x0000000011a80000]
 total_blobs=6879 nmethods=6040 adapters=750
 compilation: enabled

Compilation events (10 events):
Event: 35.219 Thread 0x00000000163fa000 6694       4       sun.net.www.ParseUtil::<init> (5 bytes)
Event: 35.219 Thread 0x00000000163fa000 nmethod 6694 0x0000000003eff790 code [0x0000000003eff8c0, 0x0000000003eff918]
Event: 35.221 Thread 0x0000000017c61000 nmethod 6693 0x0000000003f2a090 code [0x0000000003f2a380, 0x0000000003f2ba68]
Event: 35.227 Thread 0x0000000017c61000 6695       3       kotlin.ranges.RangesKt___RangesKt::until (28 bytes)
Event: 35.227 Thread 0x0000000017c61000 nmethod 6695 0x0000000003f19190 code [0x0000000003f19320, 0x0000000003f196e8]
Event: 35.227 Thread 0x0000000017c61000 6696       3       kotlin.ranges.IntRange::<init> (8 bytes)
Event: 35.227 Thread 0x0000000017c61000 nmethod 6696 0x0000000003f18e10 code [0x0000000003f18f80, 0x0000000003f19108]
Event: 35.239 Thread 0x0000000017c61000 6697   !   3       sun.reflect.GeneratedConstructorAccessor29::newInstance (61 bytes)
Event: 35.241 Thread 0x0000000017c61000 nmethod 6697 0x0000000003f2c650 code [0x0000000003f2c8c0, 0x0000000003f2d7b8]
Event: 35.254 Thread 0x0000000017c61000 6698       3       com.google.common.cache.LocalCache$StrongEntry::<init> (27 bytes)

GC Heap History (10 events):
Event: 16.424 GC heap before
{Heap before GC invocations=10 (full 2):
 PSYoungGen      total 111616K, used 97280K [0x00000000e0000000, 0x00000000eb980000, 0x0000000100000000)
  eden space 97280K, 100% used [0x00000000e0000000,0x00000000e5f00000,0x00000000e5f00000)
  from space 14336K, 0% used [0x00000000e5f00000,0x00000000e5f00000,0x00000000e6d00000)
  to   space 14848K, 0% used [0x00000000eab00000,0x00000000eab00000,0x00000000eb980000)
 ParOldGen       total 123904K, used 16956K [0x00000000a0000000, 0x00000000a7900000, 0x00000000e0000000)
  object space 123904K, 13% used [0x00000000a0000000,0x00000000a108f3c0,0x00000000a7900000)
 Metaspace       used 40159K, capacity 41438K, committed 41648K, reserved 1085440K
  class space    used 5419K, capacity 5754K, committed 5808K, reserved 1048576K
Event: 16.441 GC heap after
Heap after GC invocations=10 (full 2):
 PSYoungGen      total 147968K, used 10047K [0x00000000e0000000, 0x00000000eb500000, 0x0000000100000000)
  eden space 137728K, 0% used [0x00000000e0000000,0x00000000e0000000,0x00000000e8680000)
  from space 10240K, 98% used [0x00000000eab00000,0x00000000eb4cfc90,0x00000000eb500000)
  to   space 15360K, 0% used [0x00000000e9700000,0x00000000e9700000,0x00000000ea600000)
 ParOldGen       total 123904K, used 16964K [0x00000000a0000000, 0x00000000a7900000, 0x00000000e0000000)
  object space 123904K, 13% used [0x00000000a0000000,0x00000000a10913c0,0x00000000a7900000)
 Metaspace       used 40159K, capacity 41438K, committed 41648K, reserved 1085440K
  class space    used 5419K, capacity 5754K, committed 5808K, reserved 1048576K
}
Event: 26.249 GC heap before
{Heap before GC invocations=11 (full 2):
 PSYoungGen      total 147968K, used 147775K [0x00000000e0000000, 0x00000000eb500000, 0x0000000100000000)
  eden space 137728K, 100% used [0x00000000e0000000,0x00000000e8680000,0x00000000e8680000)
  from space 10240K, 98% used [0x00000000eab00000,0x00000000eb4cfc90,0x00000000eb500000)
  to   space 15360K, 0% used [0x00000000e9700000,0x00000000e9700000,0x00000000ea600000)
 ParOldGen       total 123904K, used 16964K [0x00000000a0000000, 0x00000000a7900000, 0x00000000e0000000)
  object space 123904K, 13% used [0x00000000a0000000,0x00000000a10913c0,0x00000000a7900000)
 Metaspace       used 46600K, capacity 48140K, committed 48176K, reserved 1091584K
  class space    used 6091K, capacity 6421K, committed 6448K, reserved 1048576K
Event: 26.281 GC heap after
Heap after GC invocations=11 (full 2):
 PSYoungGen      total 169984K, used 13329K [0x00000000e0000000, 0x00000000ec400000, 0x0000000100000000)
  eden space 154624K, 0% used [0x00000000e0000000,0x00000000e0000000,0x00000000e9700000)
  from space 15360K, 86% used [0x00000000e9700000,0x00000000ea4044a8,0x00000000ea600000)
  to   space 16384K, 0% used [0x00000000eb400000,0x00000000eb400000,0x00000000ec400000)
 ParOldGen       total 123904K, used 16972K [0x00000000a0000000, 0x00000000a7900000, 0x00000000e0000000)
  object space 123904K, 13% used [0x00000000a0000000,0x00000000a10933c0,0x00000000a7900000)
 Metaspace       used 46600K, capacity 48140K, committed 48176K, reserved 1091584K
  class space    used 6091K, capacity 6421K, committed 6448K, reserved 1048576K
}
Event: 28.232 GC heap before
{Heap before GC invocations=12 (full 2):
 PSYoungGen      total 169984K, used 167953K [0x00000000e0000000, 0x00000000ec400000, 0x0000000100000000)
  eden space 154624K, 100% used [0x00000000e0000000,0x00000000e9700000,0x00000000e9700000)
  from space 15360K, 86% used [0x00000000e9700000,0x00000000ea4044a8,0x00000000ea600000)
  to   space 16384K, 0% used [0x00000000eb400000,0x00000000eb400000,0x00000000ec400000)
 ParOldGen       total 123904K, used 16972K [0x00000000a0000000, 0x00000000a7900000, 0x00000000e0000000)
  object space 123904K, 13% used [0x00000000a0000000,0x00000000a10933c0,0x00000000a7900000)
 Metaspace       used 46610K, capacity 48140K, committed 48176K, reserved 1091584K
  class space    used 6091K, capacity 6421K, committed 6448K, reserved 1048576K
Event: 28.253 GC heap after
Heap after GC invocations=12 (full 2):
 PSYoungGen      total 184320K, used 10065K [0x00000000e0000000, 0x00000000ed780000, 0x0000000100000000)
  eden space 167936K, 0% used [0x00000000e0000000,0x00000000e0000000,0x00000000ea400000)
  from space 16384K, 61% used [0x00000000eb400000,0x00000000ebdd4468,0x00000000ec400000)
  to   space 16384K, 0% used [0x00000000ea400000,0x00000000ea400000,0x00000000eb400000)
 ParOldGen       total 123904K, used 17052K [0x00000000a0000000, 0x00000000a7900000, 0x00000000e0000000)
  object space 123904K, 13% used [0x00000000a0000000,0x00000000a10a73d0,0x00000000a7900000)
 Metaspace       used 46610K, capacity 48140K, committed 48176K, reserved 1091584K
  class space    used 6091K, capacity 6421K, committed 6448K, reserved 1048576K
}
Event: 34.094 GC heap before
{Heap before GC invocations=13 (full 2):
 PSYoungGen      total 184320K, used 157812K [0x00000000e0000000, 0x00000000ed780000, 0x0000000100000000)
  eden space 167936K, 87% used [0x00000000e0000000,0x00000000e9048d00,0x00000000ea400000)
  from space 16384K, 61% used [0x00000000eb400000,0x00000000ebdd4468,0x00000000ec400000)
  to   space 16384K, 0% used [0x00000000ea400000,0x00000000ea400000,0x00000000eb400000)
 ParOldGen       total 123904K, used 17052K [0x00000000a0000000, 0x00000000a7900000, 0x00000000e0000000)
  object space 123904K, 13% used [0x00000000a0000000,0x00000000a10a73d0,0x00000000a7900000)
 Metaspace       used 57055K, capacity 59024K, committed 59160K, reserved 1101824K
  class space    used 7394K, capacity 7836K, committed 7856K, reserved 1048576K
Event: 34.143 GC heap after
Heap after GC invocations=13 (full 2):
 PSYoungGen      total 184320K, used 16365K [0x00000000e0000000, 0x00000000ef000000, 0x0000000100000000)
  eden space 167936K, 0% used [0x00000000e0000000,0x00000000e0000000,0x00000000ea400000)
  from space 16384K, 99% used [0x00000000ea400000,0x00000000eb3fb778,0x00000000eb400000)
  to   space 22016K, 0% used [0x00000000eda80000,0x00000000eda80000,0x00000000ef000000)
 ParOldGen       total 123904K, used 26134K [0x00000000a0000000, 0x00000000a7900000, 0x00000000e0000000)
  object space 123904K, 21% used [0x00000000a0000000,0x00000000a1985958,0x00000000a7900000)
 Metaspace       used 57055K, capacity 59024K, committed 59160K, reserved 1101824K
  class space    used 7394K, capacity 7836K, committed 7856K, reserved 1048576K
}
Event: 34.143 GC heap before
{Heap before GC invocations=14 (full 3):
 PSYoungGen      total 184320K, used 16365K [0x00000000e0000000, 0x00000000ef000000, 0x0000000100000000)
  eden space 167936K, 0% used [0x00000000e0000000,0x00000000e0000000,0x00000000ea400000)
  from space 16384K, 99% used [0x00000000ea400000,0x00000000eb3fb778,0x00000000eb400000)
  to   space 22016K, 0% used [0x00000000eda80000,0x00000000eda80000,0x00000000ef000000)
 ParOldGen       total 123904K, used 26134K [0x00000000a0000000, 0x00000000a7900000, 0x00000000e0000000)
  object space 123904K, 21% used [0x00000000a0000000,0x00000000a1985958,0x00000000a7900000)
 Metaspace       used 57055K, capacity 59024K, committed 59160K, reserved 1101824K
  class space    used 7394K, capacity 7836K, committed 7856K, reserved 1048576K
Event: 34.647 GC heap after
Heap after GC invocations=14 (full 3):
 PSYoungGen      total 184320K, used 0K [0x00000000e0000000, 0x00000000ef000000, 0x0000000100000000)
  eden space 167936K, 0% used [0x00000000e0000000,0x00000000e0000000,0x00000000ea400000)
  from space 16384K, 0% used [0x00000000ea400000,0x00000000ea400000,0x00000000eb400000)
  to   space 22016K, 0% used [0x00000000eda80000,0x00000000eda80000,0x00000000ef000000)
 ParOldGen       total 123904K, used 38592K [0x00000000a0000000, 0x00000000a7900000, 0x00000000e0000000)
  object space 123904K, 31% used [0x00000000a0000000,0x00000000a25b0050,0x00000000a7900000)
 Metaspace       used 56952K, capacity 58768K, committed 59160K, reserved 1101824K
  class space    used 7365K, capacity 7767K, committed 7856K, reserved 1048576K
}

Deoptimization events (10 events):
Event: 32.833 Thread 0x0000000017cde000 Uncommon trap: reason=unstable_if action=reinterpret pc=0x000000000315b7e8 method=org.objectweb.asm.ByteVector.putUTF8(Ljava/lang/String;)Lorg/objectweb/asm/ByteVector; @ 93
Event: 34.778 Thread 0x0000000017cde000 Uncommon trap: reason=unstable_if action=reinterpret pc=0x0000000003d3ddb0 method=org.gradle.internal.reflect.PropertyAccessorType.of(Ljava/lang/reflect/Method;)Lorg/gradle/internal/reflect/PropertyAccessorType; @ 56
Event: 34.822 Thread 0x0000000017cde000 Uncommon trap: reason=null_check action=make_not_entrant pc=0x0000000003d83538 method=java.lang.ThreadLocal$ThreadLocalMap.getEntryAfterMiss(Ljava/lang/ThreadLocal;ILjava/lang/ThreadLocal$ThreadLocalMap$Entry;)Ljava/lang/ThreadLocal$ThreadLocalMap$Entry; 
Event: 34.937 Thread 0x0000000017cde000 Uncommon trap: reason=unstable_if action=reinterpret pc=0x000000000380a3b4 method=com.sun.org.apache.xerces.internal.impl.XMLEntityScanner.checkBeforeLoad(Lcom/sun/xml/internal/stream/Entity$ScannedEntity;II)I @ 18
Event: 34.957 Thread 0x0000000017cde000 Uncommon trap: reason=unstable_if action=reinterpret pc=0x00000000039999f0 method=com.sun.org.apache.xerces.internal.impl.XMLEntityScanner.scanContent(Lcom/sun/org/apache/xerces/internal/xni/XMLString;)I @ 44
Event: 35.066 Thread 0x0000000017cde000 Uncommon trap: reason=unstable_if action=reinterpret pc=0x0000000003d564f0 method=org.gradle.internal.instantiation.generator.AbstractClassGenerator$InjectionAnnotationValidator.validateMethod(Ljava/lang/reflect/Method;Lorg/gradle/internal/reflect/Propert
Event: 35.067 Thread 0x0000000017cde000 Uncommon trap: reason=unstable_if action=reinterpret pc=0x0000000003dbcbbc method=org.gradle.internal.instantiation.generator.AbstractClassGenerator$InjectionAnnotationValidator.validateMethod(Ljava/lang/reflect/Method;Lorg/gradle/internal/reflect/Propert
Event: 35.121 Thread 0x0000000017cde000 Uncommon trap: reason=unstable_if action=reinterpret pc=0x0000000003d23b04 method=org.gradle.internal.service.DefaultServiceRegistry$OwnServices.getService(Ljava/lang/reflect/Type;)Lorg/gradle/internal/service/Service; @ 27
Event: 35.202 Thread 0x0000000017cde000 Uncommon trap: reason=unstable_if action=reinterpret pc=0x0000000002e82024 method=java.lang.String.lastIndexOf([CII[CIII)I @ 17
Event: 35.202 Thread 0x0000000017cde000 Uncommon trap: reason=unstable_if action=reinterpret pc=0x0000000003d098cc method=sun.net.www.protocol.jar.Handler.parseURL(Ljava/net/URL;Ljava/lang/String;II)V @ 116

Classes redefined (0 events):
No events

Internal exceptions (10 events):
Event: 29.084 Thread 0x0000000017cde000 Exception <a 'java/lang/ClassNotFoundException': org/gradle/api/tasks/DeleteCustomizer> (0x00000000e20f9818) thrown at [C:\src\AOSP-openjdk-git\hotspot\src\share\vm\classfile\systemDictionary.cpp, line 210]
Event: 29.090 Thread 0x0000000017cde000 Exception <a 'java/lang/ClassNotFoundException': org/gradle/api/tasks/Delete_DecoratedCustomizer> (0x00000000e214bcc8) thrown at [C:\src\AOSP-openjdk-git\hotspot\src\share\vm\classfile\systemDictionary.cpp, line 210]
Event: 29.899 Thread 0x0000000017cde000 Exception <a 'java/lang/ClassNotFoundException': build_1lj6us2j0xt2a1qd5onwtl7b2BeanInfo> (0x00000000e27fdf70) thrown at [C:\src\AOSP-openjdk-git\hotspot\src\share\vm\classfile\systemDictionary.cpp, line 210]
Event: 29.900 Thread 0x0000000017cde000 Exception <a 'java/lang/ClassNotFoundException': build_1lj6us2j0xt2a1qd5onwtl7b2Customizer> (0x00000000e280b110) thrown at [C:\src\AOSP-openjdk-git\hotspot\src\share\vm\classfile\systemDictionary.cpp, line 210]
Event: 31.751 Thread 0x0000000017cde000 Implicit null exception at 0x0000000002e71fa8 to 0x0000000002e720d9
Event: 33.353 Thread 0x0000000017cde000 Exception <a 'java/lang/ClassNotFoundException': com/android/build/gradle/internal/api/DefaultAndroidSourceSet_DecoratedBeanInfo> (0x00000000e7e2df48) thrown at [C:\src\AOSP-openjdk-git\hotspot\src\share\vm\classfile\systemDictionary.cpp, line 210]
Event: 33.355 Thread 0x0000000017cde000 Exception <a 'java/lang/ClassNotFoundException': com/android/build/gradle/internal/api/DefaultAndroidSourceSetBeanInfo> (0x00000000e7e51400) thrown at [C:\src\AOSP-openjdk-git\hotspot\src\share\vm\classfile\systemDictionary.cpp, line 210]
Event: 33.357 Thread 0x0000000017cde000 Exception <a 'java/lang/ClassNotFoundException': com/android/build/gradle/internal/api/DefaultAndroidSourceSetCustomizer> (0x00000000e7e74f38) thrown at [C:\src\AOSP-openjdk-git\hotspot\src\share\vm\classfile\systemDictionary.cpp, line 210]
Event: 33.362 Thread 0x0000000017cde000 Exception <a 'java/lang/ClassNotFoundException': com/android/build/gradle/internal/api/DefaultAndroidSourceSet_DecoratedCustomizer> (0x00000000e7ee62a0) thrown at [C:\src\AOSP-openjdk-git\hotspot\src\share\vm\classfile\systemDictionary.cpp, line 210]
Event: 34.822 Thread 0x0000000017cde000 Implicit null exception at 0x0000000003d830a5 to 0x0000000003d83519

Events (10 events):
Event: 35.247 loading class org/gradle/api/internal/plugins/DefaultPluginManager$3
Event: 35.247 loading class org/gradle/api/internal/plugins/DefaultPluginManager$3 done
Event: 35.248 loading class org/gradle/api/internal/plugins/PluginManagerInternal$PluginWithId
Event: 35.248 loading class org/gradle/api/internal/plugins/PluginManagerInternal$PluginWithId done
Event: 35.251 loading class org/jetbrains/kotlin/gradle/internal/Kapt3GradleSubplugin
Event: 35.251 loading class org/jetbrains/kotlin/gradle/internal/Kapt3GradleSubplugin done
Event: 35.252 loading class org/jetbrains/kotlin/gradle/internal/Kapt3GradleSubplugin$Companion
Event: 35.252 loading class org/jetbrains/kotlin/gradle/internal/Kapt3GradleSubplugin$Companion done
Event: 35.253 loading class org/jetbrains/kotlin/gradle/plugin/KotlinPluginKt$ifKaptEnabled$3
Event: 35.253 loading class org/jetbrains/kotlin/gradle/plugin/KotlinPluginKt$ifKaptEnabled$3 done


Dynamic libraries:
0x00007ff7ac900000 - 0x00007ff7ac931000 	C:\Program Files\Android\Android Studio\jre\bin\java.exe
0x00007ffc4ec10000 - 0x00007ffc4ee04000 	C:\WINDOWS\SYSTEM32\ntdll.dll
0x00007ffc4d120000 - 0x00007ffc4d1dd000 	C:\WINDOWS\System32\KERNEL32.DLL
0x00007ffc4c8d0000 - 0x00007ffc4cb97000 	C:\WINDOWS\System32\KERNELBASE.dll
0x00007ffc4d990000 - 0x00007ffc4da3a000 	C:\WINDOWS\System32\ADVAPI32.dll
0x00007ffc4dd60000 - 0x00007ffc4ddfe000 	C:\WINDOWS\System32\msvcrt.dll
0x00007ffc4de10000 - 0x00007ffc4deab000 	C:\WINDOWS\System32\sechost.dll
0x00007ffc4d860000 - 0x00007ffc4d983000 	C:\WINDOWS\System32\RPCRT4.dll
0x00007ffc4db60000 - 0x00007ffc4dd00000 	C:\WINDOWS\System32\USER32.dll
0x00007ffc4cba0000 - 0x00007ffc4cbc2000 	C:\WINDOWS\System32\win32u.dll
0x00007ffc4cdf0000 - 0x00007ffc4ce1a000 	C:\WINDOWS\System32\GDI32.dll
0x00007ffc4c610000 - 0x00007ffc4c71a000 	C:\WINDOWS\System32\gdi32full.dll
0x00007ffc4c490000 - 0x00007ffc4c52d000 	C:\WINDOWS\System32\msvcp_win.dll
0x00007ffc4c390000 - 0x00007ffc4c490000 	C:\WINDOWS\System32\ucrtbase.dll
0x00007ffc3fb40000 - 0x00007ffc3fdda000 	C:\WINDOWS\WinSxS\amd64_microsoft.windows.common-controls_6595b64144ccf1df_6.0.19041.1_none_b555e41d4684ddec\COMCTL32.dll
0x00007ffc4eb80000 - 0x00007ffc4ebb0000 	C:\WINDOWS\System32\IMM32.DLL
0x00000000719b0000 - 0x0000000071a82000 	C:\Program Files\Android\Android Studio\jre\jre\bin\msvcr100.dll
0x0000000072500000 - 0x0000000072d4b000 	C:\Program Files\Android\Android Studio\jre\jre\bin\server\jvm.dll
0x00007ffc4ebc0000 - 0x00007ffc4ebc8000 	C:\WINDOWS\System32\PSAPI.DLL
0x00007ffc475e0000 - 0x00007ffc475e9000 	C:\WINDOWS\SYSTEM32\WSOCK32.dll
0x00007ffc4eab0000 - 0x00007ffc4eb1b000 	C:\WINDOWS\System32\WS2_32.dll
0x00007ffc371c0000 - 0x00007ffc371e7000 	C:\WINDOWS\SYSTEM32\WINMM.dll
0x00007ffc41420000 - 0x00007ffc4142a000 	C:\WINDOWS\SYSTEM32\VERSION.dll
0x00007ffc48e30000 - 0x00007ffc48e3f000 	C:\Program Files\Android\Android Studio\jre\jre\bin\verify.dll
0x00007ffc48e00000 - 0x00007ffc48e29000 	C:\Program Files\Android\Android Studio\jre\jre\bin\java.dll
0x00007ffc48de0000 - 0x00007ffc48df6000 	C:\Program Files\Android\Android Studio\jre\jre\bin\zip.dll
0x00007ffc4df60000 - 0x00007ffc4e695000 	C:\WINDOWS\System32\SHELL32.dll
0x00007ffc4a200000 - 0x00007ffc4a98f000 	C:\WINDOWS\SYSTEM32\windows.storage.dll
0x00007ffc4e6a0000 - 0x00007ffc4e9f3000 	C:\WINDOWS\System32\combase.dll
0x00007ffc4bde0000 - 0x00007ffc4be0b000 	C:\WINDOWS\SYSTEM32\Wldp.dll
0x00007ffc4deb0000 - 0x00007ffc4df5e000 	C:\WINDOWS\System32\SHCORE.dll
0x00007ffc4d800000 - 0x00007ffc4d855000 	C:\WINDOWS\System32\shlwapi.dll
0x00007ffc4c2a0000 - 0x00007ffc4c2bf000 	C:\WINDOWS\SYSTEM32\profapi.dll
0x00007ffc46440000 - 0x00007ffc4645a000 	C:\Program Files\Android\Android Studio\jre\jre\bin\net.dll
0x00007ffc4bb60000 - 0x00007ffc4bbca000 	C:\WINDOWS\system32\mswsock.dll
0x00007ffc45f00000 - 0x00007ffc45f13000 	C:\Program Files\Android\Android Studio\jre\jre\bin\nio.dll
0x00007ffc446f0000 - 0x00007ffc44716000 	C:\Users\kiril\.gradle\native\31\windows-amd64\native-platform.dll
0x00007ffc45ef0000 - 0x00007ffc45efd000 	C:\Program Files\Android\Android Studio\jre\jre\bin\management.dll
0x00007ffc4bd30000 - 0x00007ffc4bd48000 	C:\WINDOWS\SYSTEM32\CRYPTSP.dll
0x00007ffc4b480000 - 0x00007ffc4b4b4000 	C:\WINDOWS\system32\rsaenh.dll
0x00007ffc4c360000 - 0x00007ffc4c387000 	C:\WINDOWS\System32\bcrypt.dll
0x00007ffc4c220000 - 0x00007ffc4c24e000 	C:\WINDOWS\SYSTEM32\USERENV.dll
0x00007ffc4c590000 - 0x00007ffc4c60f000 	C:\WINDOWS\System32\bcryptprimitives.dll
0x00007ffc4bd50000 - 0x00007ffc4bd5c000 	C:\WINDOWS\SYSTEM32\CRYPTBASE.dll
0x00007ffc4b800000 - 0x00007ffc4b83b000 	C:\WINDOWS\SYSTEM32\IPHLPAPI.DLL
0x00007ffc4de00000 - 0x00007ffc4de09000 	C:\WINDOWS\System32\NSI.dll
0x00007ffc41cf0000 - 0x00007ffc41d07000 	C:\WINDOWS\SYSTEM32\dhcpcsvc6.DLL
0x00007ffc41cd0000 - 0x00007ffc41ced000 	C:\WINDOWS\SYSTEM32\dhcpcsvc.DLL
0x00007ffc4b850000 - 0x00007ffc4b91a000 	C:\WINDOWS\SYSTEM32\DNSAPI.dll
0x00007ffc398e0000 - 0x00007ffc39904000 	C:\Program Files\Android\Android Studio\jre\jre\bin\sunec.dll
0x00007ffc3f690000 - 0x00007ffc3f69a000 	C:\Windows\System32\rasadhlp.dll
0x00007ffc3f410000 - 0x00007ffc3f48f000 	C:\WINDOWS\System32\fwpuclnt.dll
0x00007ffc45ee0000 - 0x00007ffc45eeb000 	C:\Program Files\Android\Android Studio\jre\jre\bin\sunmscapi.dll
0x00007ffc4c720000 - 0x00007ffc4c87d000 	C:\WINDOWS\System32\CRYPT32.dll

VM Arguments:
jvm_args: -Xmx1536m -Dfile.encoding=windows-1251 -Duser.country=RU -Duser.language=ru -Duser.variant 
java_command: org.gradle.launcher.daemon.bootstrap.GradleDaemon 6.1.1
java_class_path (initial): C:\Users\kiril\.gradle\wrapper\dists\gradle-6.1.1-all\cfmwm155h49vnt3hynmlrsdst\gradle-6.1.1\lib\gradle-launcher-6.1.1.jar
Launcher Type: SUN_STANDARD

Environment Variables:
PATH=C:\Program Files (x86)\Common Files\Intel\Shared Libraries\redist\intel64\compiler;C:\Program Files (x86)\Common Files\Oracle\Java\javapath;C:\WINDOWS\system32;C:\WINDOWS;C:\WINDOWS\System32\Wbem;C:\WINDOWS\System32\WindowsPowerShell\v1.0\;C:\WINDOWS\System32\OpenSSH\;C:\Program Files (x86)\NoteBook FanControl\;C:\Program Files\Git LFS;C:\Users\kiril\AppData\Local\Microsoft\WindowsApps;C:\Users\kiril\AppData\Local\GitHubDesktop\bin;%USERPROFILE%\AppData\Local\Microsoft\WindowsApps;
USERNAME=kiril
OS=Windows_NT
PROCESSOR_IDENTIFIER=Intel64 Family 6 Model 58 Stepping 9, GenuineIntel



---------------  S Y S T E M  ---------------

OS: Windows 10.0 , 64 bit Build 19041 (10.0.19041.292)

CPU:total 4 (initial active 4) (2 cores per cpu, 2 threads per core) family 6 model 58 stepping 9, cmov, cx8, fxsr, mmx, sse, sse2, sse3, ssse3, sse4.1, sse4.2, popcnt, avx, clmul, erms, ht, tsc, tscinvbit, tscinv

Memory: 4k page, physical 12443116k(1417116k free), swap 13262316k(3816k free)

vm_info: OpenJDK 64-Bit Server VM (25.242-b01) for windows-amd64 JRE (1.8.0_242-release-1644-b01), built by "builder" with MS VC++ 10.0 (VS2010)

time: Mon Aug 03 08:40:22 2020
timezone: RTZ 2 (зима)
elapsed time: 35 seconds (0d 0h 0m 35s)

